<?xml version="1.0" encoding="utf-8"?><testsuites name="pytest tests"><testsuite name="pytest" errors="0" failures="1" skipped="0" tests="28" time="21.535" timestamp="2026-01-20T12:59:14.667195+00:00" hostname="agent-env-65225d2c-ef31-4e99-b88d-0ff983714c7e"><testcase classname="tests.test_lumina_backend.TestHealthCheck" name="test_health_endpoint" time="0.070" /><testcase classname="tests.test_lumina_backend.TestAuthentication" name="test_login_success" time="0.528" /><testcase classname="tests.test_lumina_backend.TestAuthentication" name="test_login_invalid_credentials" time="0.166" /><testcase classname="tests.test_lumina_backend.TestAuthentication" name="test_login_missing_fields" time="0.085" /><testcase classname="tests.test_lumina_backend.TestAuthentication" name="test_get_me_authenticated" time="0.709" /><testcase classname="tests.test_lumina_backend.TestAuthentication" name="test_get_me_unauthenticated" time="0.045"><failure message="assert 403 == 401&#10; +  where 403 = &lt;Response [403]&gt;.status_code">tests/test_lumina_backend.py:81: in test_get_me_unauthenticated
    assert response.status_code == 401
E   assert 403 == 401
E    +  where 403 = &lt;Response [403]&gt;.status_code</failure></testcase><testcase classname="tests.test_lumina_backend.TestAuthentication" name="test_get_companies" time="0.169" /><testcase classname="tests.test_lumina_backend.TestAdminStats" name="test_get_admin_stats" time="1.752" /><testcase classname="tests.test_lumina_backend.TestEmployeeManagement" name="test_get_employees" time="0.695" /><testcase classname="tests.test_lumina_backend.TestEmployeeManagement" name="test_get_pending_employees" time="0.698" /><testcase classname="tests.test_lumina_backend.TestDepartments" name="test_get_departments" time="0.833" /><testcase classname="tests.test_lumina_backend.TestDepartments" name="test_create_and_delete_department" time="1.677" /><testcase classname="tests.test_lumina_backend.TestLeaveManagement" name="test_get_pending_leaves" time="0.724" /><testcase classname="tests.test_lumina_backend.TestLeaveManagement" name="test_get_all_leaves" time="0.731" /><testcase classname="tests.test_lumina_backend.TestAttendance" name="test_get_my_attendance_status" time="0.684" /><testcase classname="tests.test_lumina_backend.TestAttendance" name="test_get_my_attendance_history" time="0.690" /><testcase classname="tests.test_lumina_backend.TestAttendance" name="test_get_company_attendance" time="0.722" /><testcase classname="tests.test_lumina_backend.TestSalary" name="test_get_my_salary" time="0.920" /><testcase classname="tests.test_lumina_backend.TestSalary" name="test_get_salary_history" time="0.684" /><testcase classname="tests.test_lumina_backend.TestSalary" name="test_get_company_salaries" time="0.685" /><testcase classname="tests.test_lumina_backend.TestNotices" name="test_get_notices" time="0.684" /><testcase classname="tests.test_lumina_backend.TestNotices" name="test_create_and_delete_notice" time="1.121" /><testcase classname="tests.test_lumina_backend.TestRecruitment" name="test_get_jobs" time="0.691" /><testcase classname="tests.test_lumina_backend.TestRecruitment" name="test_get_recruitment_stats" time="1.488" /><testcase classname="tests.test_lumina_backend.TestAIChat" name="test_get_documents" time="0.736" /><testcase classname="tests.test_lumina_backend.TestAIChat" name="test_send_chat_message" time="2.614" /><testcase classname="tests.test_lumina_backend.TestAIChat" name="test_get_chat_history" time="0.695" /><testcase classname="tests.test_lumina_backend.TestSignup" name="test_signup_validation" time="0.058" /></testsuite></testsuites>