<?xml version="1.0" encoding="utf-8"?><testsuites name="pytest tests"><testsuite name="pytest" errors="0" failures="0" skipped="0" tests="10" time="11.506" timestamp="2026-01-25T11:05:14.776530+00:00" hostname="agent-env-b4580a4c-3836-4102-970e-6e458a62a67e"><testcase classname="tests.test_rag_chat_features.TestRAGChatSystem" name="test_login_with_test_admin" time="0.550" /><testcase classname="tests.test_rag_chat_features.TestRAGChatSystem" name="test_get_documents_list" time="0.891" /><testcase classname="tests.test_rag_chat_features.TestRAGChatSystem" name="test_send_chat_message" time="1.988" /><testcase classname="tests.test_rag_chat_features.TestRAGChatSystem" name="test_chat_with_session_continuity" time="3.365" /><testcase classname="tests.test_rag_chat_features.TestRAGChatSystem" name="test_get_chat_history" time="0.698" /><testcase classname="tests.test_rag_chat_features.TestRAGChatSystem" name="test_clear_chat_history" time="0.700" /><testcase classname="tests.test_rag_chat_features.TestDocumentUploadAndDelete" name="test_upload_text_document" time="0.710" /><testcase classname="tests.test_rag_chat_features.TestASEANCountriesDropdown" name="test_signup_page_countries_validation" time="0.030" /><testcase classname="tests.test_rag_chat_features.TestAdminDashboardAccess" name="test_admin_stats_access" time="1.769" /><testcase classname="tests.test_rag_chat_features.TestAdminDashboardAccess" name="test_admin_employees_access" time="0.746" /></testsuite></testsuites>