<?xml version="1.0" encoding="utf-8"?><testsuites name="pytest tests"><testsuite name="pytest" errors="0" failures="0" skipped="0" tests="14" time="5.301" timestamp="2026-01-27T15:42:33.671486+00:00" hostname="agent-env-b5a99864-5395-436b-a562-db1cc03ffcfe"><testcase classname="backend.tests.test_task_performance.TestAuthSetup" name="test_admin_login" time="0.376" /><testcase classname="backend.tests.test_task_performance.TestAuthSetup" name="test_employee_login" time="0.368" /><testcase classname="backend.tests.test_task_performance.TestEmployeeTasks" name="test_get_my_tasks" time="0.404" /><testcase classname="backend.tests.test_task_performance.TestEmployeeTasks" name="test_get_my_tasks_with_status_filter" time="0.071" /><testcase classname="backend.tests.test_task_performance.TestTaskStatusUpdate" name="test_update_task_status" time="0.755" /><testcase classname="backend.tests.test_task_performance.TestEmployeePerformanceReviews" name="test_get_my_reviews" time="0.402" /><testcase classname="backend.tests.test_task_performance.TestAdminAnalytics" name="test_get_performance_analytics" time="0.431" /><testcase classname="backend.tests.test_task_performance.TestAdminAnalytics" name="test_analytics_data_consistency" time="0.166" /><testcase classname="backend.tests.test_task_performance.TestAdminTaskManagement" name="test_get_all_tasks" time="0.410" /><testcase classname="backend.tests.test_task_performance.TestAdminTaskManagement" name="test_get_all_performance_reviews" time="0.066" /><testcase classname="backend.tests.test_task_performance.TestNotifications" name="test_admin_get_notifications" time="0.457" /><testcase classname="backend.tests.test_task_performance.TestNotifications" name="test_employee_get_notifications" time="0.456" /><testcase classname="backend.tests.test_task_performance.TestNoticesEndpoint" name="test_get_notices" time="0.394" /><testcase classname="backend.tests.test_task_performance.TestNoticesEndpoint" name="test_employee_get_notices" time="0.465" /></testsuite></testsuites>